2025-09-15 21:38:35,289 [INFO] Activator:176 - 


2025-09-15 21:38:35,291 [INFO] Activator:177 - !SESSION log4j initialized
2025-09-15 21:38:39,426 [INFO] LogOutputStream:77 - [STDOUT_REDIRECT] 
2025-09-15 21:38:42,665 [INFO] ApplicationProperties:184 - Using Application install path: D:\STM32CubeIDE_1.18.1\STM32CubeIDE\plugins\com.st.stm32cube.common.mx_6.14.1.202504091515
2025-09-15 21:38:42,703 [INFO] DbMcusXml:78 - Set database path to: D:\STM32CubeIDE_1.18.1\STM32CubeIDE\plugins\com.st.stm32cube.common.mx_6.14.1.202504091515\\db\/mcu/
2025-09-15 21:38:42,703 [INFO] ApiDb:274 - Set plugin database path to: D:\STM32CubeIDE_1.18.1\STM32CubeIDE\plugins\com.st.stm32cube.common.mx_6.14.1.202504091515\\db\/plugins/boardmanager/
2025-09-15 21:38:42,705 [WARN] ApiDb:259 - Overriding images path with different value:  => D:\STM32CubeIDE_1.18.1\STM32CubeIDE\plugins\com.st.stm32cube.common.mx_6.14.1.202504091515\\db\/plugins/mcufinder/images/
2025-09-15 21:38:42,716 [INFO] ApiDb:250 - Set database path to: C:\Users\Anis\.stmcufinder\plugins\mcufinder//mcu/
2025-09-15 21:38:42,719 [INFO] DbMcusAds:125 - Set database path to: C:\Users\Anis\.stmcufinder\plugins\mcufinder//mcu/
2025-09-15 21:38:42,725 [INFO] CrossReferenceDbSqlite:203 - Set database path to: C:\Users\Anis\.stmcufinder\plugins\mcufinder//mcu/cs/
2025-09-15 21:38:43,037 [INFO] RulesReader:64 - Compatibility file has been processed (302 Rules)
2025-09-15 21:38:43,334 [INFO] DbMcusXml:78 - Set database path to: D:\STM32CubeIDE_1.18.1\STM32CubeIDE\plugins\com.st.stm32cube.common.mx_6.14.1.202504091515\\db\/mcu/
2025-09-15 21:38:43,335 [INFO] ApiDb:274 - Set plugin database path to: D:\STM32CubeIDE_1.18.1\STM32CubeIDE\plugins\com.st.stm32cube.common.mx_6.14.1.202504091515\\db\/plugins/boardmanager/
2025-09-15 21:38:43,335 [INFO] ApiDb:261 - Set plugin images path to: D:\STM32CubeIDE_1.18.1\STM32CubeIDE\plugins\com.st.stm32cube.common.mx_6.14.1.202504091515\\db\/plugins/mcufinder/images/
2025-09-15 21:38:43,335 [WARN] DbFile:41 - Overriding database path with different value: C:\Users\Anis\.stmcufinder\plugins\mcufinder/ => C:\Users\Anis\.stmcufinder\plugins\mcufinder
2025-09-15 21:38:43,336 [INFO] ApiDb:250 - Set database path to: C:\Users\Anis\.stmcufinder\plugins\mcufinder//mcu/
2025-09-15 21:38:43,336 [WARN] DbFile:41 - Overriding database path with different value: C:\Users\Anis\.stmcufinder\plugins\mcufinder/ => C:\Users\Anis\.stmcufinder\plugins\mcufinder
2025-09-15 21:38:43,336 [INFO] DbMcusAds:125 - Set database path to: C:\Users\Anis\.stmcufinder\plugins\mcufinder//mcu/
2025-09-15 21:38:43,336 [WARN] DbFile:41 - Overriding database path with different value: C:\Users\Anis\.stmcufinder\plugins\mcufinder/ => C:\Users\Anis\.stmcufinder\plugins\mcufinder
2025-09-15 21:38:43,336 [WARN] DbFile:41 - Overriding database path with different value: C:\Users\Anis\.stmcufinder\plugins\mcufinder/ => C:\Users\Anis\.stmcufinder\plugins\mcufinder
2025-09-15 21:38:43,336 [INFO] CrossReferenceDbSqlite:203 - Set database path to: C:\Users\Anis\.stmcufinder\plugins\mcufinder//mcu/cs/
2025-09-15 21:38:43,517 [INFO] MainPanel:272 - HeapMemory: 268435456
2025-09-15 21:38:43,724 [INFO] DbMcusXml:78 - Set database path to: D:\STM32CubeIDE_1.18.1\STM32CubeIDE\plugins\com.st.stm32cube.common.mx_6.14.1.202504091515\\db\/mcu/
2025-09-15 21:38:43,724 [INFO] ApiDb:274 - Set plugin database path to: D:\STM32CubeIDE_1.18.1\STM32CubeIDE\plugins\com.st.stm32cube.common.mx_6.14.1.202504091515\\db\/plugins/boardmanager/
2025-09-15 21:38:43,724 [INFO] ApiDb:261 - Set plugin images path to: D:\STM32CubeIDE_1.18.1\STM32CubeIDE\plugins\com.st.stm32cube.common.mx_6.14.1.202504091515\\db\/plugins/mcufinder/images/
2025-09-15 21:38:43,725 [WARN] DbFile:41 - Overriding database path with different value: C:\Users\Anis\.stmcufinder\plugins\mcufinder/ => C:\Users\Anis\.stmcufinder\plugins\mcufinder
2025-09-15 21:38:43,725 [INFO] ApiDb:250 - Set database path to: C:\Users\Anis\.stmcufinder\plugins\mcufinder//mcu/
2025-09-15 21:38:43,725 [WARN] DbFile:41 - Overriding database path with different value: C:\Users\Anis\.stmcufinder\plugins\mcufinder/ => C:\Users\Anis\.stmcufinder\plugins\mcufinder
2025-09-15 21:38:43,725 [INFO] DbMcusAds:125 - Set database path to: C:\Users\Anis\.stmcufinder\plugins\mcufinder//mcu/
2025-09-15 21:38:43,725 [WARN] DbFile:41 - Overriding database path with different value: C:\Users\Anis\.stmcufinder\plugins\mcufinder/ => C:\Users\Anis\.stmcufinder\plugins\mcufinder
2025-09-15 21:38:43,725 [WARN] DbFile:41 - Overriding database path with different value: C:\Users\Anis\.stmcufinder\plugins\mcufinder/ => C:\Users\Anis\.stmcufinder\plugins\mcufinder
2025-09-15 21:38:43,726 [INFO] CrossReferenceDbSqlite:203 - Set database path to: C:\Users\Anis\.stmcufinder\plugins\mcufinder//mcu/cs/
2025-09-15 21:38:43,764 [INFO] ApplicationProperties:184 - Using Application install path: D:\STM32CubeIDE_1.18.1\STM32CubeIDE\plugins\com.st.stm32cube.common.mx_6.14.1.202504091515
2025-09-15 21:38:43,766 [INFO] PluginManage:196 - Search for loadable plugins [exclusion list=, ]
2025-09-15 21:38:43,769 [INFO] PluginManage:310 - Check plugin analytics
2025-09-15 21:38:44,152 [INFO] AnalyticsPlugin:253 - Accepted Software Licenses: 
2025-09-15 21:38:44,153 [INFO] AnalyticsPlugin:255 - Accepted CMSIS Pack Licenses: 
2025-09-15 21:38:44,153 [INFO] AnalyticsPlugin:257 - Accepted Firmware Licenses: FW.F4.1.28.0
2025-09-15 21:38:44,201 [INFO] PluginManage:359 - Loaded plugin analytics (category:tool,tabindex:-1)
2025-09-15 21:38:44,202 [INFO] PluginManage:310 - Check plugin cadmodel
2025-09-15 21:38:44,216 [INFO] CADModel:105 - Init CAD model plugin
2025-09-15 21:38:44,217 [INFO] PluginManage:359 - Loaded plugin cadmodel (category:power,tabindex:5)
2025-09-15 21:38:44,218 [INFO] PluginManage:310 - Check plugin clock
2025-09-15 21:38:44,240 [INFO] PluginManage:359 - Loaded plugin clock (category:base,tabindex:2)
2025-09-15 21:38:44,241 [INFO] PluginManage:310 - Check plugin ddr
2025-09-15 21:38:44,247 [INFO] PluginManage:359 - Loaded plugin ddr (category:tool,tabindex:6)
2025-09-15 21:38:44,248 [INFO] PluginManage:310 - Check plugin filemanager
2025-09-15 21:38:44,696 [INFO] PluginManage:359 - Loaded plugin filemanager (category:base,tabindex:10)
2025-09-15 21:38:44,697 [INFO] PluginManage:310 - Check plugin ipmanager
2025-09-15 21:38:44,708 [INFO] PluginManage:359 - Loaded plugin ipmanager (category:base,tabindex:5)
2025-09-15 21:38:44,708 [INFO] PluginManage:310 - Check plugin lpbam
2025-09-15 21:38:44,722 [INFO] PluginManage:359 - Loaded plugin lpbam (category:base,tabindex:0)
2025-09-15 21:38:44,722 [INFO] PluginManage:310 - Check plugin memorymap
2025-09-15 21:38:44,743 [INFO] PluginManage:359 - Loaded plugin memorymap (category:base,tabindex:4)
2025-09-15 21:38:44,744 [INFO] PluginManage:310 - Check plugin pinoutandconfiguration
2025-09-15 21:38:44,761 [INFO] PluginManage:359 - Loaded plugin pinoutandconfiguration (category:base,tabindex:1)
2025-09-15 21:38:44,761 [INFO] PluginManage:310 - Check plugin pinoutconfig
2025-09-15 21:38:44,926 [WARN] SupportedApi:132 - Cannot load RTOS API schema: s4s-elt-must-match.1: The content of 'definitions' must match (annotation?, (simpleType | complexType)?, (unique | key | keyref)*)). A problem was found starting at: attribute.
2025-09-15 21:38:45,167 [INFO] PluginManage:359 - Loaded plugin pinoutconfig (category:base,tabindex:0)
2025-09-15 21:38:45,167 [INFO] PluginManage:310 - Check plugin power
2025-09-15 21:38:45,183 [INFO] PluginManage:359 - Loaded plugin power (category:power,tabindex:4)
2025-09-15 21:38:45,184 [INFO] PluginManage:310 - Check plugin projectmanager
2025-09-15 21:38:45,213 [INFO] PluginManage:359 - Loaded plugin projectmanager (category:projectmanager,tabindex:4)
2025-09-15 21:38:45,213 [INFO] PluginManage:310 - Check plugin rif
2025-09-15 21:38:45,223 [INFO] PluginManage:359 - Loaded plugin rif (category:base,tabindex:3)
2025-09-15 21:38:45,223 [INFO] PluginManage:310 - Check plugin thirdparty
2025-09-15 21:38:45,542 [INFO] PluginManage:359 - Loaded plugin thirdparty (category:base,tabindex:-1)
2025-09-15 21:38:45,542 [INFO] PluginManage:310 - Check plugin tools
2025-09-15 21:38:45,542 [WARN] IntegrityCheckThread:84 - waiting for thirdparty lock release [integrity check]
2025-09-15 21:38:45,543 [INFO] IntegrityCheckThread:86 - entering critical section [integrity check]
2025-09-15 21:38:45,544 [INFO] ThirdPartyUpdaterWithRetryManager:70 - Updater plugin not ready yet. [1/15]
2025-09-15 21:38:45,549 [INFO] PluginManage:359 - Loaded plugin tools (category:base,tabindex:7)
2025-09-15 21:38:45,550 [INFO] PluginManage:310 - Check plugin tutovideos
2025-09-15 21:38:45,877 [INFO] PluginManage:359 - Loaded plugin tutovideos (category:base,tabindex:-1)
2025-09-15 21:38:45,878 [INFO] PluginManage:310 - Check plugin updater
2025-09-15 21:38:45,926 [INFO] PluginManage:359 - Loaded plugin updater (category:base,tabindex:12)
2025-09-15 21:38:45,927 [INFO] PluginManage:310 - Check plugin userauth
2025-09-15 21:38:45,939 [INFO] UserAuth:118 - Init User Auth plugin
2025-09-15 21:38:45,942 [INFO] PluginManage:359 - Loaded plugin userauth (category:base,tabindex:14)
2025-09-15 21:38:45,944 [INFO] PluginManage:283 - PluginManage : Loaded plugins [18]
2025-09-15 21:38:46,475 [INFO] PinOutPanel:1589 - setPackage(No Configuration,No Configuration)
2025-09-15 21:38:46,640 [INFO] CADModel:165 - CPN selected for project level
2025-09-15 21:38:46,641 [INFO] CADModel:114 - Register for checkConnection events
2025-09-15 21:38:46,668 [INFO] IPUIPlugin:80 - create IPUIPlugin
2025-09-15 21:38:46,668 [INFO] PluginManager:220 - loadIPPluginJar : add adc
2025-09-15 21:38:46,672 [INFO] IPUIPlugin:80 - create IPUIPlugin
2025-09-15 21:38:46,673 [INFO] PluginManager:220 - loadIPPluginJar : add aes
2025-09-15 21:38:46,677 [INFO] IPUIPlugin:80 - create IPUIPlugin
2025-09-15 21:38:46,677 [INFO] PluginManager:220 - loadIPPluginJar : add can
2025-09-15 21:38:46,679 [INFO] IPUIPlugin:80 - create IPUIPlugin
2025-09-15 21:38:46,680 [INFO] PluginManager:220 - loadIPPluginJar : add comp
2025-09-15 21:38:46,683 [INFO] IPUIPlugin:80 - create IPUIPlugin
2025-09-15 21:38:46,684 [INFO] PluginManager:220 - loadIPPluginJar : add cryp
2025-09-15 21:38:46,688 [INFO] IPUIPlugin:80 - create IPUIPlugin
2025-09-15 21:38:46,689 [INFO] PluginManager:220 - loadIPPluginJar : add ddr_ctrl_phy
2025-09-15 21:38:46,692 [INFO] IPUIPlugin:80 - create IPUIPlugin
2025-09-15 21:38:46,693 [INFO] PluginManager:220 - loadIPPluginJar : add dfsdm
2025-09-15 21:38:46,705 [INFO] IPUIPlugin:80 - create IPUIPlugin
2025-09-15 21:38:46,706 [INFO] PluginManager:220 - loadIPPluginJar : add dma
2025-09-15 21:38:46,710 [INFO] IPUIPlugin:80 - create IPUIPlugin
2025-09-15 21:38:46,711 [INFO] PluginManager:220 - loadIPPluginJar : add dma3
2025-09-15 21:38:46,715 [INFO] IPUIPlugin:80 - create IPUIPlugin
2025-09-15 21:38:46,715 [INFO] PluginManager:220 - loadIPPluginJar : add extmemmanager
2025-09-15 21:38:46,717 [INFO] IPUIPlugin:80 - create IPUIPlugin
2025-09-15 21:38:46,717 [INFO] PluginManager:220 - loadIPPluginJar : add fatfs
2025-09-15 21:38:46,727 [INFO] IPUIPlugin:80 - create IPUIPlugin
2025-09-15 21:38:46,728 [INFO] PluginManager:220 - loadIPPluginJar : add fmc
2025-09-15 21:38:46,738 [INFO] IPUIPlugin:80 - create IPUIPlugin
2025-09-15 21:38:46,738 [INFO] PluginManager:220 - loadIPPluginJar : add freertos
2025-09-15 21:38:46,740 [INFO] IPUIPlugin:80 - create IPUIPlugin
2025-09-15 21:38:46,741 [INFO] PluginManager:220 - loadIPPluginJar : add genericplugin
2025-09-15 21:38:46,743 [INFO] IPUIPlugin:80 - create IPUIPlugin
2025-09-15 21:38:46,744 [INFO] PluginManager:220 - loadIPPluginJar : add gfxmmu
2025-09-15 21:38:46,753 [INFO] IPUIPlugin:80 - create IPUIPlugin
2025-09-15 21:38:46,754 [INFO] PluginManager:220 - loadIPPluginJar : add gic
2025-09-15 21:38:46,762 [INFO] IPUIPlugin:80 - create IPUIPlugin
2025-09-15 21:38:46,762 [INFO] PluginManager:220 - loadIPPluginJar : add gpio
2025-09-15 21:38:46,766 [INFO] IPUIPlugin:80 - create IPUIPlugin
2025-09-15 21:38:46,766 [INFO] PluginManager:220 - loadIPPluginJar : add gtzc
2025-09-15 21:38:46,772 [INFO] IPUIPlugin:80 - create IPUIPlugin
2025-09-15 21:38:46,773 [INFO] PluginManager:220 - loadIPPluginJar : add hash
2025-09-15 21:38:46,777 [INFO] IPUIPlugin:80 - create IPUIPlugin
2025-09-15 21:38:46,778 [INFO] PluginManager:220 - loadIPPluginJar : add i2c
2025-09-15 21:38:46,781 [INFO] IPUIPlugin:80 - create IPUIPlugin
2025-09-15 21:38:46,782 [INFO] PluginManager:220 - loadIPPluginJar : add i2s
2025-09-15 21:38:46,787 [INFO] IPUIPlugin:80 - create IPUIPlugin
2025-09-15 21:38:46,787 [INFO] PluginManager:220 - loadIPPluginJar : add i3c
2025-09-15 21:38:46,794 [INFO] IPUIPlugin:80 - create IPUIPlugin
2025-09-15 21:38:46,795 [INFO] PluginManager:220 - loadIPPluginJar : add ipddr
2025-09-15 21:38:46,808 [INFO] IPUIPlugin:80 - create IPUIPlugin
2025-09-15 21:38:46,809 [INFO] PluginManager:220 - loadIPPluginJar : add linkedlist
2025-09-15 21:38:46,814 [INFO] IPUIPlugin:80 - create IPUIPlugin
2025-09-15 21:38:46,814 [INFO] PluginManager:220 - loadIPPluginJar : add lorawan
2025-09-15 21:38:46,816 [INFO] IPUIPlugin:80 - create IPUIPlugin
2025-09-15 21:38:46,817 [INFO] PluginManager:220 - loadIPPluginJar : add ltdc
2025-09-15 21:38:46,829 [INFO] IPUIPlugin:80 - create IPUIPlugin
2025-09-15 21:38:46,829 [INFO] PluginManager:220 - loadIPPluginJar : add mdma
2025-09-15 21:38:46,837 [INFO] IPUIPlugin:80 - create IPUIPlugin
2025-09-15 21:38:46,838 [INFO] PluginManager:220 - loadIPPluginJar : add nvic
2025-09-15 21:38:46,845 [INFO] IPUIPlugin:80 - create IPUIPlugin
2025-09-15 21:38:46,845 [INFO] PluginManager:220 - loadIPPluginJar : add opamp
2025-09-15 21:38:46,851 [INFO] IPUIPlugin:80 - create IPUIPlugin
2025-09-15 21:38:46,852 [INFO] PluginManager:220 - loadIPPluginJar : add openamp
2025-09-15 21:38:46,858 [INFO] IPUIPlugin:80 - create IPUIPlugin
2025-09-15 21:38:46,859 [INFO] PluginManager:220 - loadIPPluginJar : add pdm2pcm
2025-09-15 21:38:46,872 [INFO] IPUIPlugin:80 - create IPUIPlugin
2025-09-15 21:38:46,876 [INFO] PluginManager:220 - loadIPPluginJar : add plateformsettings
2025-09-15 21:38:46,879 [INFO] IPUIPlugin:80 - create IPUIPlugin
2025-09-15 21:38:46,879 [INFO] PluginManager:220 - loadIPPluginJar : add quadspi
2025-09-15 21:38:46,881 [INFO] IPUIPlugin:80 - create IPUIPlugin
2025-09-15 21:38:46,883 [INFO] PluginManager:220 - loadIPPluginJar : add radio
2025-09-15 21:38:46,888 [INFO] IPUIPlugin:80 - create IPUIPlugin
2025-09-15 21:38:46,888 [INFO] PluginManager:220 - loadIPPluginJar : add resmgrutility
2025-09-15 21:38:46,892 [INFO] IPUIPlugin:80 - create IPUIPlugin
2025-09-15 21:38:46,892 [INFO] PluginManager:220 - loadIPPluginJar : add sai
2025-09-15 21:38:46,895 [INFO] IPUIPlugin:80 - create IPUIPlugin
2025-09-15 21:38:46,895 [INFO] PluginManager:220 - loadIPPluginJar : add spi
2025-09-15 21:38:46,906 [INFO] IPUIPlugin:80 - create IPUIPlugin
2025-09-15 21:38:46,906 [INFO] PluginManager:220 - loadIPPluginJar : add stm32_wpan
2025-09-15 21:38:46,908 [INFO] IPUIPlugin:80 - create IPUIPlugin
2025-09-15 21:38:46,909 [INFO] PluginManager:220 - loadIPPluginJar : add tim
2025-09-15 21:38:46,914 [INFO] IPUIPlugin:80 - create IPUIPlugin
2025-09-15 21:38:46,915 [INFO] PluginManager:220 - loadIPPluginJar : add touchsensing
2025-09-15 21:38:46,920 [INFO] IPUIPlugin:80 - create IPUIPlugin
2025-09-15 21:38:46,921 [INFO] PluginManager:220 - loadIPPluginJar : add tracer_emb
2025-09-15 21:38:46,925 [INFO] IPUIPlugin:80 - create IPUIPlugin
2025-09-15 21:38:46,925 [INFO] PluginManager:220 - loadIPPluginJar : add ts
2025-09-15 21:38:46,928 [INFO] IPUIPlugin:80 - create IPUIPlugin
2025-09-15 21:38:46,928 [INFO] PluginManager:220 - loadIPPluginJar : add tsc
2025-09-15 21:38:46,930 [INFO] IPUIPlugin:80 - create IPUIPlugin
2025-09-15 21:38:46,931 [INFO] PluginManager:220 - loadIPPluginJar : add ucpd
2025-09-15 21:38:46,936 [INFO] IPUIPlugin:80 - create IPUIPlugin
2025-09-15 21:38:46,936 [INFO] PluginManager:220 - loadIPPluginJar : add usart
2025-09-15 21:38:46,942 [INFO] IPUIPlugin:80 - create IPUIPlugin
2025-09-15 21:38:46,942 [INFO] PluginManager:220 - loadIPPluginJar : add usbx
2025-09-15 21:38:47,121 [FATAL] Updater:351 - Updater called before beeing initialized
2025-09-15 21:38:47,166 [INFO] RulesReader:64 - Compatibility file has been processed (302 Rules)
2025-09-15 21:38:47,187 [INFO] RulesReader:64 - Compatibility file has been processed (302 Rules)
2025-09-15 21:38:47,203 [INFO] CADModel:165 - CPN selected for project level
2025-09-15 21:38:47,203 [INFO] CADModel:114 - Register for checkConnection events
2025-09-15 21:38:47,203 [FATAL] Updater:351 - Updater called before beeing initialized
2025-09-15 21:38:47,204 [ERROR] CADModel:125 - Updater not yet initialized, retry later 
2025-09-15 21:38:47,610 [FATAL] Updater:351 - Updater called before beeing initialized
2025-09-15 21:38:47,618 [INFO] CADModel:165 - CPN selected for project level
2025-09-15 21:38:47,618 [INFO] CADModel:114 - Register for checkConnection events
2025-09-15 21:38:47,619 [FATAL] Updater:351 - Updater called before beeing initialized
2025-09-15 21:38:47,619 [ERROR] CADModel:125 - Updater not yet initialized, retry later 
2025-09-15 21:38:47,633 [FATAL] Updater:351 - Updater called before beeing initialized
2025-09-15 21:38:48,050 [FATAL] Updater:351 - Updater called before beeing initialized
2025-09-15 21:38:48,065 [INFO] DbMcusAds:53 - JSON generation date=Tue Jul 08 13:44:23 IST 2025 (1751962463582)
2025-09-15 21:38:48,068 [FATAL] Updater:351 - Updater called before beeing initialized
2025-09-15 21:38:48,204 [WARN] DetailPanel:346 - Failed to get advertising image, set to default
2025-09-15 21:38:48,546 [INFO] ThirdPartyUpdaterWithRetryManager:70 - Updater plugin not ready yet. [2/15]
2025-09-15 21:38:48,901 [FATAL] Updater:351 - Updater called before beeing initialized
2025-09-15 21:38:48,906 [FATAL] Updater:351 - Updater called before beeing initialized
2025-09-15 21:38:48,907 [FATAL] Updater:351 - Updater called before beeing initialized
2025-09-15 21:38:48,908 [WARN] DetailPanel:346 - Failed to get advertising image, set to default
2025-09-15 21:38:48,911 [FATAL] Updater:351 - Updater called before beeing initialized
2025-09-15 21:38:49,021 [ERROR] Updater:1198 - MainUpdater not yet initialized. External WinMGr cannot be set.
2025-09-15 21:38:49,026 [INFO] Updater:1134 - Updater Version found : 6.14.1
2025-09-15 21:38:49,063 [INFO] ApplicationProperties:184 - Using Application install path: D:\STM32CubeIDE_1.18.1\STM32CubeIDE\plugins\com.st.stm32cube.common.mx_6.14.1.202504091515
2025-09-15 21:38:49,880 [INFO] MainUpdater:2872 - connection check result : 10
2025-09-15 21:38:49,881 [INFO] MainUpdater:289 - Updater Check For Update Now.
2025-09-15 21:38:49,881 [INFO] MicroXplorer:498 - Change Database Version : DB.6.0.141
2025-09-15 21:38:49,910 [INFO] McuFinderGlobals:63 - Set McuFinder mode to 2 (CubeIDE integrated)
2025-09-15 21:38:49,911 [INFO] UserAuth:484 - Internet connection configuration mode: 1
2025-09-15 21:38:49,957 [INFO] JxBrowserEngine:152 - Initiate JxBrowser Engine with user profile folder
2025-09-15 21:38:50,206 [INFO] CheckServerUpdateThread:120 - End of CheckServer Thread
2025-09-15 21:38:51,406 [INFO] WebApp:169 - Instantiating new browser for Auth
2025-09-15 21:38:52,321 [WARN] PackLoader:240 - Cannot read IP mode file for STMicroelectronics.FP-SNS-MOTENVWB1.1.4.0
2025-09-15 21:38:52,352 [WARN] PackLoader:240 - Cannot read IP mode file for STMicroelectronics.FP-ATR-ASTRA1.2.0.2
2025-09-15 21:38:52,368 [WARN] PackLoader:240 - Cannot read IP mode file for STMicroelectronics.FP-ATR-ASTRA1.2.0.1
2025-09-15 21:38:52,417 [WARN] PackLoader:240 - Cannot read IP mode file for STMicroelectronics.X-CUBE-SMBUS.2.1.0
2025-09-15 21:38:52,450 [WARN] PackLoader:240 - Cannot read IP mode file for STMicroelectronics.X-CUBE-WB05N.1.1.0
2025-09-15 21:38:52,472 [WARN] PackLoader:240 - Cannot read IP mode file for STMicroelectronics.X-CUBE-ST60.1.0.0
2025-09-15 21:38:52,595 [WARN] PackLoader:240 - Cannot read IP mode file for STMicroelectronics.X-CUBE-AZRTOS-F7.1.1.0
2025-09-15 21:38:52,626 [WARN] PackLoader:240 - Cannot read IP mode file for STMicroelectronics.FP-SNS-FLIGHT1.5.0.2
2025-09-15 21:38:52,720 [WARN] PackLoader:240 - Cannot read IP mode file for Infineon.AIROC-Wi-Fi-Bluetooth-STM32.1.7.0
2025-09-15 21:38:52,835 [WARN] PackLoader:240 - Cannot read IP mode file for STMicroelectronics.X-CUBE-AZRTOS-H7.3.4.0
2025-09-15 21:38:52,875 [WARN] PackLoader:240 - Cannot read IP mode file for STMicroelectronics.X-CUBE-DISPLAY.3.0.0
2025-09-15 21:38:52,907 [WARN] PackLoader:240 - Cannot read IP mode file for STMicroelectronics.X-CUBE-BLE1.7.0.0
2025-09-15 21:38:52,929 [WARN] PackLoader:240 - Cannot read IP mode file for STMicroelectronics.X-CUBE-NFC10.1.0.0
2025-09-15 21:38:52,982 [WARN] PackLoader:240 - Cannot read IP mode file for STMicroelectronics.X-CUBE-BLEMGR.4.0.0
2025-09-15 21:38:53,012 [WARN] PackLoader:240 - Cannot read IP mode file for emotas.I-CUBE-CANOPEN.1.3.0
2025-09-15 21:38:53,023 [WARN] PackLoader:240 - Cannot read IP mode file for STMicroelectronics.X-CUBE-AI.10.0.0
2025-09-15 21:38:53,039 [ERROR] Engine:466 - C:\Users\Anis\.stm32cubemx\thirdparties\pdsc\STMicroelectronics.FP-SNS-STBOX1.2.1.0.pdsc: PDSC version is not supported
2025-09-15 21:38:53,051 [WARN] PackLoader:240 - Cannot read IP mode file for STMicroelectronics.FP-SNS-SMARTAG2.1.2.0
2025-09-15 21:38:53,062 [WARN] PackLoader:240 - Cannot read IP mode file for STMicroelectronics.FP-SNS-FLIGHT1.5.1.0
2025-09-15 21:38:53,216 [WARN] PackLoader:240 - Cannot read IP mode file for STMicroelectronics.X-CUBE-MEMS1.11.1.0
2025-09-15 21:38:53,630 [INFO] LogOutputStream:77 - [STDOUT_REDIRECT] 1 : Invalid condition id : UX_CORESTACK_Condition cause : null
2025-09-15 21:38:53,631 [INFO] LogOutputStream:77 - [STDOUT_REDIRECT] 1 : Invalid condition id : UX_CORESTACK_Condition cause : null
2025-09-15 21:38:53,634 [INFO] LogOutputStream:77 - [STDOUT_REDIRECT] 1 : Invalid condition id : UX_CORESTACK_Condition cause : null
2025-09-15 21:38:53,637 [INFO] LogOutputStream:77 - [STDOUT_REDIRECT] 1 : Invalid condition id : UX_CORESTACK_Condition cause : null
2025-09-15 21:38:53,643 [INFO] LogOutputStream:77 - [STDOUT_REDIRECT] 1 : Invalid condition id : UX_CORESTACK_Condition cause : null
2025-09-15 21:38:53,651 [WARN] PackLoader:240 - Cannot read IP mode file for STMicroelectronics.X-CUBE-AZRTOS-WL.2.0.0
2025-09-15 21:38:53,666 [WARN] PackLoader:240 - Cannot read IP mode file for STMicroelectronics.FP-SNS-MOTENV1.5.0.0
2025-09-15 21:38:53,679 [WARN] PackLoader:240 - Cannot read IP mode file for wolfSSL.I-CUBE-wolfMQTT.1.19.0
2025-09-15 21:38:53,704 [WARN] PackLoader:240 - Cannot read IP mode file for WES.I-CUBE-Cesium.1.3.0
2025-09-15 21:38:53,713 [WARN] PackLoader:240 - Cannot read IP mode file for STMicroelectronics.X-CUBE-BLE2.3.3.0
2025-09-15 21:38:53,731 [WARN] PackLoader:240 - Cannot read IP mode file for STMicroelectronics.X-CUBE-NFC9.1.0.0
2025-09-15 21:38:53,743 [WARN] PackLoader:240 - Cannot read IP mode file for STMicroelectronics.X-CUBE-BLE1.7.1.0
2025-09-15 21:38:53,755 [WARN] PackLoader:240 - Cannot read IP mode file for STMicroelectronics.X-CUBE-EEPRMA1.5.2.0
2025-09-15 21:38:53,764 [WARN] PackLoader:240 - Cannot read IP mode file for STMicroelectronics.X-CUBE-AI.10.1.0
2025-09-15 21:38:53,964 [WARN] PackLoader:240 - Cannot read IP mode file for STMicroelectronics.X-CUBE-MEMS1.11.2.0
2025-09-15 21:38:54,610 [WARN] PackLoader:240 - Cannot read IP mode file for STMicroelectronics.X-CUBE-AZRTOS-G0.1.1.0
2025-09-15 21:38:54,636 [WARN] PackLoader:240 - Cannot read IP mode file for STMicroelectronics.X-CUBE-SAFEA1.1.2.2
2025-09-15 21:38:54,660 [WARN] PackLoader:240 - Cannot read IP mode file for STMicroelectronics.X-CUBE-NFC4.3.0.0
2025-09-15 21:38:54,691 [WARN] PackLoader:240 - Cannot read IP mode file for EmbeddedOffice.I-CUBE-FS-RTOS.1.0.1
2025-09-15 21:38:54,711 [WARN] PackLoader:240 - Cannot read IP mode file for STMicroelectronics.X-CUBE-WB05N.2.0.0
2025-09-15 21:38:54,734 [WARN] PackLoader:240 - Cannot read IP mode file for STMicroelectronics.X-CUBE-TCPP.4.2.0
2025-09-15 21:38:54,759 [WARN] PackLoader:240 - Cannot read IP mode file for RealThread.X-CUBE-RT-Thread_Nano.4.1.1
2025-09-15 21:38:54,770 [WARN] PackLoader:240 - Cannot read IP mode file for STMicroelectronics.FP-ATR-SIGFOX1.3.2.0
2025-09-15 21:38:54,781 [WARN] ConditionMgr:438 - getConditionDescription Invalid condition id : Cortex-A Device cause : null
2025-09-15 21:38:54,824 [WARN] ConditionMgr:1044 - genDependencies : Invalid condition id : Cortex-A Device cause : null
2025-09-15 21:38:54,824 [WARN] ConditionMgr:1044 - genDependencies : Invalid condition id : Cortex-A Device cause : null
2025-09-15 21:38:54,825 [WARN] ConditionMgr:1044 - genDependencies : Invalid condition id : Cortex-A Device cause : null
2025-09-15 21:38:54,842 [WARN] PackLoader:240 - Cannot read IP mode file for STMicroelectronics.X-CUBE-EEPRMA1.5.1.0
2025-09-15 21:38:54,858 [WARN] PackLoader:240 - Cannot read IP mode file for wolfSSL.I-CUBE-wolfSSL.5.7.4
2025-09-15 21:38:54,884 [WARN] PackLoader:240 - Cannot read IP mode file for ITTIA_DB.I-CUBE-ITTIADB.8.9.0
2025-09-15 21:38:54,901 [WARN] PackLoader:240 - Cannot read IP mode file for STMicroelectronics.X-CUBE-ST67W61.1.0.0
2025-09-15 21:38:54,907 [INFO] WebApp:463 - Apply proxy settings
2025-09-15 21:38:54,915 [WARN] PackLoader:240 - Cannot read IP mode file for STMicroelectronics.X-CUBE-AI.10.2.0
2025-09-15 21:38:54,922 [INFO] WebApp:508 - Chromium authenticates against Manually configured proxy
2025-09-15 21:38:54,979 [INFO] WebApp:516 - Username used for proxy authentication: 
2025-09-15 21:38:55,000 [WARN] PackLoader:240 - Cannot read IP mode file for SEGGER.I-CUBE-embOS.1.3.1
2025-09-15 21:38:55,084 [WARN] PackLoader:240 - Cannot read IP mode file for STMicroelectronics.X-CUBE-ALGOBUILD.1.4.0
2025-09-15 21:38:55,109 [INFO] WebApp:894 - Register for checkConnection events
2025-09-15 21:38:55,110 [INFO] WebApp:463 - Apply proxy settings
2025-09-15 21:38:55,119 [INFO] WebApp:508 - Chromium authenticates against Manually configured proxy
2025-09-15 21:38:55,121 [INFO] WebApp:516 - Username used for proxy authentication: 
2025-09-15 21:38:55,212 [WARN] PackLoader:240 - Cannot read IP mode file for STMicroelectronics.X-CUBE-MEMS1.11.3.0
2025-09-15 21:38:55,508 [WARN] PackLoader:240 - Cannot read IP mode file for STMicroelectronics.X-CUBE-AI.9.1.0
2025-09-15 21:38:55,518 [WARN] PackLoader:240 - Cannot read IP mode file for STMicroelectronics.X-CUBE-PM33A1.1.0.0
2025-09-15 21:38:55,566 [WARN] PackLoader:240 - Cannot read IP mode file for STMicroelectronics.X-CUBE-AZRTOS-F4.1.1.0
2025-09-15 21:38:55,586 [WARN] PackLoader:240 - Cannot read IP mode file for Avnet-IotConnect.X-CUBE-IoTC-DA16k-PMOD.1.0.0
2025-09-15 21:38:55,598 [WARN] PackLoader:240 - Cannot read IP mode file for STMicroelectronics.X-CUBE-ISPU.2.1.0
2025-09-15 21:38:55,607 [INFO] WebApp:191 - Connection restablished
2025-09-15 21:38:55,616 [WARN] PackLoader:240 - Cannot read IP mode file for STMicroelectronics.X-CUBE-NFC12.1.0.0
2025-09-15 21:38:55,664 [WARN] PackLoader:240 - Cannot read IP mode file for STMicroelectronics.X-CUBE-AZRTOS-L5.2.0.0
2025-09-15 21:38:55,696 [WARN] PackLoader:240 - Cannot read IP mode file for STMicroelectronics.X-CUBE-NFC6.3.1.0
2025-09-15 21:38:55,719 [WARN] PackLoader:240 - Cannot read IP mode file for STMicroelectronics.X-CUBE-DPower.1.2.0
2025-09-15 21:38:55,739 [WARN] PackLoader:240 - Cannot read IP mode file for STMicroelectronics.X-CUBE-FREERTOS.1.3.1
2025-09-15 21:38:55,755 [WARN] PackLoader:240 - Cannot read IP mode file for STMicroelectronics.X-CUBE-FREERTOS.1.3.0
2025-09-15 21:38:55,775 [WARN] PackLoader:240 - Cannot read IP mode file for STMicroelectronics.X-CUBE-NFC7.1.0.1
2025-09-15 21:38:55,797 [WARN] PackLoader:240 - Cannot read IP mode file for STMicroelectronics.FP-SNS-STAIOTCFT.1.0.0
2025-09-15 21:38:55,811 [WARN] PackLoader:240 - Cannot read IP mode file for STMicroelectronics.X-CUBE-DPower.1.3.0
2025-09-15 21:38:55,858 [WARN] ConditionMgr:438 - getConditionDescription Invalid condition id : LAN8742 Phy interface Condition cause : null
2025-09-15 21:38:55,860 [WARN] PackLoader:240 - Cannot read IP mode file for STMicroelectronics.X-CUBE-AZRTOS-L4.2.0.0
2025-09-15 21:38:55,863 [WARN] ConditionMgr:1044 - genDependencies : Invalid condition id : LAN8742 Phy interface Condition cause : null
2025-09-15 21:38:55,863 [WARN] ConditionMgr:1044 - genDependencies : Invalid condition id : LAN8742 Phy interface Condition cause : null
2025-09-15 21:38:55,865 [WARN] ConditionMgr:1044 - genDependencies : Invalid condition id : LAN8742 Phy interface Condition cause : null
2025-09-15 21:38:55,892 [WARN] PackLoader:240 - Cannot read IP mode file for STMicroelectronics.X-CUBE-SFXS2LP1.4.0.0
2025-09-15 21:38:55,944 [WARN] PackLoader:240 - Cannot read IP mode file for STMicroelectronics.X-CUBE-AZRTOS-H7.3.3.0
2025-09-15 21:38:55,982 [WARN] PackLoader:240 - Cannot read IP mode file for STMicroelectronics.X-CUBE-BLEMGR.4.1.0
2025-09-15 21:38:56,024 [WARN] ConditionMgr:438 - getConditionDescription Invalid condition id : UX DEVICE CLASS RTOS Condition cause : null
2025-09-15 21:38:56,025 [WARN] ConditionMgr:438 - getConditionDescription Invalid condition id : UX DEVICE CLASS RTOS Condition cause : null
2025-09-15 21:38:56,030 [WARN] PackLoader:240 - Cannot read IP mode file for STMicroelectronics.X-CUBE-AZRTOS-WB.2.0.0
2025-09-15 21:38:56,032 [WARN] ConditionMgr:1044 - genDependencies : Invalid condition id : UX DEVICE CLASS RTOS Condition cause : null
2025-09-15 21:38:56,033 [WARN] ConditionMgr:1044 - genDependencies : Invalid condition id : UX DEVICE CLASS RTOS Condition cause : null
2025-09-15 21:38:56,034 [WARN] ConditionMgr:1044 - genDependencies : Invalid condition id : UX DEVICE CLASS RTOS Condition cause : null
2025-09-15 21:38:56,035 [WARN] ConditionMgr:1044 - genDependencies : Invalid condition id : UX DEVICE CLASS RTOS Condition cause : null
2025-09-15 21:38:56,035 [WARN] ConditionMgr:1044 - genDependencies : Invalid condition id : UX DEVICE CLASS RTOS Condition cause : null
2025-09-15 21:38:56,053 [WARN] PackLoader:240 - Cannot read IP mode file for STMicroelectronics.X-CUBE-GNSS1.7.0.1
2025-09-15 21:38:56,077 [WARN] PackLoader:240 - Cannot read IP mode file for STMicroelectronics.X-CUBE-TOUCHGFX.4.25.0
2025-09-15 21:38:56,098 [WARN] PackLoader:240 - Cannot read IP mode file for STMicroelectronics.FP-SNS-STBOX1.2.0.0
2025-09-15 21:38:56,128 [WARN] PackLoader:240 - Cannot read IP mode file for STMicroelectronics.X-CUBE-SUBG2.5.0.0
2025-09-15 21:38:56,278 [WARN] PackLoader:240 - Cannot read IP mode file for STMicroelectronics.X-CUBE-AZRTOS-H7RS.1.1.0
2025-09-15 21:38:56,307 [WARN] PackLoader:240 - Cannot read IP mode file for Cesanta.I-CUBE-Mongoose.7.13.0
2025-09-15 21:38:56,395 [INFO] WebApp:225 - Starting web application
2025-09-15 21:38:56,395 [INFO] WebApp:593 - Web application path used D:\STM32CubeIDE_1.18.1\STM32CubeIDE\plugins\com.st.stm32cube.common.mx_6.14.1.202504091515\db\plugins\mcufinder\reactClient1\index.html
2025-09-15 21:38:56,430 [WARN] PackLoader:240 - Cannot read IP mode file for STMicroelectronics.X-CUBE-AZRTOS-G4.2.0.0
2025-09-15 21:38:56,462 [WARN] PackLoader:240 - Cannot read IP mode file for STMicroelectronics.X-CUBE-NFC7.2.0.0
2025-09-15 21:38:56,525 [WARN] PackLoader:240 - Cannot read IP mode file for STMicroelectronics.X-CUBE-IPS.3.1.0
2025-09-15 21:38:56,567 [WARN] PackLoader:240 - Cannot read IP mode file for STMicroelectronics.X-CUBE-ALS.1.0.2
2025-09-15 21:38:56,580 [WARN] PackLoader:240 - Cannot read IP mode file for STMicroelectronics.X-CUBE-TOUCHGFX.4.24.2
2025-09-15 21:38:56,604 [WARN] PackLoader:240 - Cannot read IP mode file for STMicroelectronics.X-CUBE-STSE01.1.0.0
2025-09-15 21:38:56,620 [WARN] PackLoader:240 - Cannot read IP mode file for wolfSSL.I-CUBE-wolfTPM.3.4.0
2025-09-15 21:38:56,640 [WARN] PackLoader:240 - Cannot read IP mode file for portGmbH.I-Cube-SoM-uGOAL.1.1.0
2025-09-15 21:38:56,685 [WARN] PackLoader:240 - Cannot read IP mode file for STMicroelectronics.X-CUBE-AZRTOS-H7RS.1.0.0
2025-09-15 21:38:56,726 [WARN] PackLoader:240 - Cannot read IP mode file for STMicroelectronics.X-CUBE-TOF1.3.4.2
2025-09-15 21:38:56,795 [WARN] PackLoader:240 - Cannot read IP mode file for STMicroelectronics.X-CUBE-TOF1.3.4.3
2025-09-15 21:38:56,854 [WARN] PackLoader:240 - Cannot read IP mode file for wolfSSL.I-CUBE-wolfSSH.1.4.17
2025-09-15 21:38:56,856 [INFO] ThirdParty:978 - Integrity check success = true
2025-09-15 21:38:56,857 [INFO] IntegrityCheckThread:100 - exiting critical section [integrity check]
2025-09-15 21:38:56,858 [INFO] IntegrityCheckThread:103 - End integrity checks thread
2025-09-15 21:38:57,270 [INFO] UserAuth:484 - Internet connection configuration mode: 1
2025-09-15 21:39:04,109 [ERROR] LogOutputStream:75 - [STDERR_REDIRECT] 
2025-09-15 21:39:58,548 [INFO] Activator:176 - 


2025-09-15 21:39:58,553 [INFO] Activator:177 - !SESSION log4j initialized
2025-09-15 21:40:04,527 [INFO] LogOutputStream:77 - [STDOUT_REDIRECT] 
2025-09-15 21:40:08,131 [INFO] ApplicationProperties:184 - Using Application install path: D:\STM32CubeIDE_1.18.1\STM32CubeIDE\plugins\com.st.stm32cube.common.mx_6.14.1.202504091515
2025-09-15 21:40:08,164 [INFO] DbMcusXml:78 - Set database path to: D:\STM32CubeIDE_1.18.1\STM32CubeIDE\plugins\com.st.stm32cube.common.mx_6.14.1.202504091515\\db\/mcu/
2025-09-15 21:40:08,164 [INFO] ApiDb:274 - Set plugin database path to: D:\STM32CubeIDE_1.18.1\STM32CubeIDE\plugins\com.st.stm32cube.common.mx_6.14.1.202504091515\\db\/plugins/boardmanager/
2025-09-15 21:40:08,165 [WARN] ApiDb:259 - Overriding images path with different value:  => D:\STM32CubeIDE_1.18.1\STM32CubeIDE\plugins\com.st.stm32cube.common.mx_6.14.1.202504091515\\db\/plugins/mcufinder/images/
2025-09-15 21:40:08,174 [INFO] ApiDb:250 - Set database path to: C:\Users\Anis\.stmcufinder\plugins\mcufinder//mcu/
2025-09-15 21:40:08,176 [INFO] DbMcusAds:125 - Set database path to: C:\Users\Anis\.stmcufinder\plugins\mcufinder//mcu/
2025-09-15 21:40:08,179 [INFO] CrossReferenceDbSqlite:203 - Set database path to: C:\Users\Anis\.stmcufinder\plugins\mcufinder//mcu/cs/
2025-09-15 21:40:08,381 [INFO] RulesReader:64 - Compatibility file has been processed (302 Rules)
2025-09-15 21:40:08,535 [INFO] DbMcusXml:78 - Set database path to: D:\STM32CubeIDE_1.18.1\STM32CubeIDE\plugins\com.st.stm32cube.common.mx_6.14.1.202504091515\\db\/mcu/
2025-09-15 21:40:08,536 [INFO] ApiDb:274 - Set plugin database path to: D:\STM32CubeIDE_1.18.1\STM32CubeIDE\plugins\com.st.stm32cube.common.mx_6.14.1.202504091515\\db\/plugins/boardmanager/
2025-09-15 21:40:08,536 [INFO] ApiDb:261 - Set plugin images path to: D:\STM32CubeIDE_1.18.1\STM32CubeIDE\plugins\com.st.stm32cube.common.mx_6.14.1.202504091515\\db\/plugins/mcufinder/images/
2025-09-15 21:40:08,537 [WARN] DbFile:41 - Overriding database path with different value: C:\Users\Anis\.stmcufinder\plugins\mcufinder/ => C:\Users\Anis\.stmcufinder\plugins\mcufinder
2025-09-15 21:40:08,537 [INFO] ApiDb:250 - Set database path to: C:\Users\Anis\.stmcufinder\plugins\mcufinder//mcu/
2025-09-15 21:40:08,537 [WARN] DbFile:41 - Overriding database path with different value: C:\Users\Anis\.stmcufinder\plugins\mcufinder/ => C:\Users\Anis\.stmcufinder\plugins\mcufinder
2025-09-15 21:40:08,537 [INFO] DbMcusAds:125 - Set database path to: C:\Users\Anis\.stmcufinder\plugins\mcufinder//mcu/
2025-09-15 21:40:08,537 [WARN] DbFile:41 - Overriding database path with different value: C:\Users\Anis\.stmcufinder\plugins\mcufinder/ => C:\Users\Anis\.stmcufinder\plugins\mcufinder
2025-09-15 21:40:08,537 [WARN] DbFile:41 - Overriding database path with different value: C:\Users\Anis\.stmcufinder\plugins\mcufinder/ => C:\Users\Anis\.stmcufinder\plugins\mcufinder
2025-09-15 21:40:08,537 [INFO] CrossReferenceDbSqlite:203 - Set database path to: C:\Users\Anis\.stmcufinder\plugins\mcufinder//mcu/cs/
2025-09-15 21:40:08,673 [INFO] MainPanel:272 - HeapMemory: 268435456
2025-09-15 21:40:08,817 [INFO] DbMcusXml:78 - Set database path to: D:\STM32CubeIDE_1.18.1\STM32CubeIDE\plugins\com.st.stm32cube.common.mx_6.14.1.202504091515\\db\/mcu/
2025-09-15 21:40:08,818 [INFO] ApiDb:274 - Set plugin database path to: D:\STM32CubeIDE_1.18.1\STM32CubeIDE\plugins\com.st.stm32cube.common.mx_6.14.1.202504091515\\db\/plugins/boardmanager/
2025-09-15 21:40:08,818 [INFO] ApiDb:261 - Set plugin images path to: D:\STM32CubeIDE_1.18.1\STM32CubeIDE\plugins\com.st.stm32cube.common.mx_6.14.1.202504091515\\db\/plugins/mcufinder/images/
2025-09-15 21:40:08,818 [WARN] DbFile:41 - Overriding database path with different value: C:\Users\Anis\.stmcufinder\plugins\mcufinder/ => C:\Users\Anis\.stmcufinder\plugins\mcufinder
2025-09-15 21:40:08,819 [INFO] ApiDb:250 - Set database path to: C:\Users\Anis\.stmcufinder\plugins\mcufinder//mcu/
2025-09-15 21:40:08,819 [WARN] DbFile:41 - Overriding database path with different value: C:\Users\Anis\.stmcufinder\plugins\mcufinder/ => C:\Users\Anis\.stmcufinder\plugins\mcufinder
2025-09-15 21:40:08,819 [INFO] DbMcusAds:125 - Set database path to: C:\Users\Anis\.stmcufinder\plugins\mcufinder//mcu/
2025-09-15 21:40:08,819 [WARN] DbFile:41 - Overriding database path with different value: C:\Users\Anis\.stmcufinder\plugins\mcufinder/ => C:\Users\Anis\.stmcufinder\plugins\mcufinder
2025-09-15 21:40:08,819 [WARN] DbFile:41 - Overriding database path with different value: C:\Users\Anis\.stmcufinder\plugins\mcufinder/ => C:\Users\Anis\.stmcufinder\plugins\mcufinder
2025-09-15 21:40:08,819 [INFO] CrossReferenceDbSqlite:203 - Set database path to: C:\Users\Anis\.stmcufinder\plugins\mcufinder//mcu/cs/
2025-09-15 21:40:08,845 [INFO] ApplicationProperties:184 - Using Application install path: D:\STM32CubeIDE_1.18.1\STM32CubeIDE\plugins\com.st.stm32cube.common.mx_6.14.1.202504091515
2025-09-15 21:40:08,848 [INFO] PluginManage:196 - Search for loadable plugins [exclusion list=, ]
2025-09-15 21:40:08,849 [INFO] PluginManage:310 - Check plugin analytics
2025-09-15 21:40:09,263 [INFO] AnalyticsPlugin:253 - Accepted Software Licenses: 
2025-09-15 21:40:09,263 [INFO] AnalyticsPlugin:255 - Accepted CMSIS Pack Licenses: 
2025-09-15 21:40:09,264 [INFO] AnalyticsPlugin:257 - Accepted Firmware Licenses: FW.F4.1.28.0
2025-09-15 21:40:09,276 [INFO] PluginManage:359 - Loaded plugin analytics (category:tool,tabindex:-1)
2025-09-15 21:40:09,276 [INFO] PluginManage:310 - Check plugin cadmodel
2025-09-15 21:40:09,287 [INFO] CADModel:105 - Init CAD model plugin
2025-09-15 21:40:09,288 [INFO] PluginManage:359 - Loaded plugin cadmodel (category:power,tabindex:5)
2025-09-15 21:40:09,288 [INFO] PluginManage:310 - Check plugin clock
2025-09-15 21:40:09,312 [INFO] PluginManage:359 - Loaded plugin clock (category:base,tabindex:2)
2025-09-15 21:40:09,313 [INFO] PluginManage:310 - Check plugin ddr
2025-09-15 21:40:09,320 [INFO] PluginManage:359 - Loaded plugin ddr (category:tool,tabindex:6)
2025-09-15 21:40:09,321 [INFO] PluginManage:310 - Check plugin filemanager
2025-09-15 21:40:09,774 [INFO] PluginManage:359 - Loaded plugin filemanager (category:base,tabindex:10)
2025-09-15 21:40:09,775 [INFO] PluginManage:310 - Check plugin ipmanager
2025-09-15 21:40:09,786 [INFO] PluginManage:359 - Loaded plugin ipmanager (category:base,tabindex:5)
2025-09-15 21:40:09,787 [INFO] PluginManage:310 - Check plugin lpbam
2025-09-15 21:40:09,798 [INFO] PluginManage:359 - Loaded plugin lpbam (category:base,tabindex:0)
2025-09-15 21:40:09,799 [INFO] PluginManage:310 - Check plugin memorymap
2025-09-15 21:40:09,814 [INFO] PluginManage:359 - Loaded plugin memorymap (category:base,tabindex:4)
2025-09-15 21:40:09,814 [INFO] PluginManage:310 - Check plugin pinoutandconfiguration
2025-09-15 21:40:09,826 [INFO] PluginManage:359 - Loaded plugin pinoutandconfiguration (category:base,tabindex:1)
2025-09-15 21:40:09,827 [INFO] PluginManage:310 - Check plugin pinoutconfig
2025-09-15 21:40:09,981 [WARN] SupportedApi:132 - Cannot load RTOS API schema: s4s-elt-must-match.1: The content of 'definitions' must match (annotation?, (simpleType | complexType)?, (unique | key | keyref)*)). A problem was found starting at: attribute.
2025-09-15 21:40:10,176 [INFO] PluginManage:359 - Loaded plugin pinoutconfig (category:base,tabindex:0)
2025-09-15 21:40:10,177 [INFO] PluginManage:310 - Check plugin power
2025-09-15 21:40:10,197 [INFO] PluginManage:359 - Loaded plugin power (category:power,tabindex:4)
2025-09-15 21:40:10,197 [INFO] PluginManage:310 - Check plugin projectmanager
2025-09-15 21:40:10,235 [INFO] PluginManage:359 - Loaded plugin projectmanager (category:projectmanager,tabindex:4)
2025-09-15 21:40:10,236 [INFO] PluginManage:310 - Check plugin rif
2025-09-15 21:40:10,257 [INFO] PluginManage:359 - Loaded plugin rif (category:base,tabindex:3)
2025-09-15 21:40:10,257 [INFO] PluginManage:310 - Check plugin thirdparty
2025-09-15 21:40:10,487 [WARN] IntegrityCheckThread:84 - waiting for thirdparty lock release [integrity check]
2025-09-15 21:40:10,487 [INFO] PluginManage:359 - Loaded plugin thirdparty (category:base,tabindex:-1)
2025-09-15 21:40:10,487 [INFO] IntegrityCheckThread:86 - entering critical section [integrity check]
2025-09-15 21:40:10,488 [INFO] PluginManage:310 - Check plugin tools
2025-09-15 21:40:10,488 [INFO] ThirdPartyUpdaterWithRetryManager:70 - Updater plugin not ready yet. [1/15]
2025-09-15 21:40:10,493 [INFO] PluginManage:359 - Loaded plugin tools (category:base,tabindex:7)
2025-09-15 21:40:10,494 [INFO] PluginManage:310 - Check plugin tutovideos
2025-09-15 21:40:10,776 [INFO] PluginManage:359 - Loaded plugin tutovideos (category:base,tabindex:-1)
2025-09-15 21:40:10,776 [INFO] PluginManage:310 - Check plugin updater
2025-09-15 21:40:10,820 [INFO] PluginManage:359 - Loaded plugin updater (category:base,tabindex:12)
2025-09-15 21:40:10,820 [INFO] PluginManage:310 - Check plugin userauth
2025-09-15 21:40:10,828 [INFO] UserAuth:118 - Init User Auth plugin
2025-09-15 21:40:10,831 [INFO] PluginManage:359 - Loaded plugin userauth (category:base,tabindex:14)
2025-09-15 21:40:10,833 [INFO] PluginManage:283 - PluginManage : Loaded plugins [18]
2025-09-15 21:40:11,290 [INFO] PinOutPanel:1589 - setPackage(No Configuration,No Configuration)
2025-09-15 21:40:11,452 [INFO] CADModel:165 - CPN selected for project level
2025-09-15 21:40:11,452 [INFO] CADModel:114 - Register for checkConnection events
2025-09-15 21:40:11,474 [INFO] IPUIPlugin:80 - create IPUIPlugin
2025-09-15 21:40:11,475 [INFO] PluginManager:220 - loadIPPluginJar : add adc
2025-09-15 21:40:11,478 [INFO] IPUIPlugin:80 - create IPUIPlugin
2025-09-15 21:40:11,478 [INFO] PluginManager:220 - loadIPPluginJar : add aes
2025-09-15 21:40:11,481 [INFO] IPUIPlugin:80 - create IPUIPlugin
2025-09-15 21:40:11,481 [INFO] PluginManager:220 - loadIPPluginJar : add can
2025-09-15 21:40:11,483 [INFO] IPUIPlugin:80 - create IPUIPlugin
2025-09-15 21:40:11,483 [INFO] PluginManager:220 - loadIPPluginJar : add comp
2025-09-15 21:40:11,486 [INFO] IPUIPlugin:80 - create IPUIPlugin
2025-09-15 21:40:11,486 [INFO] PluginManager:220 - loadIPPluginJar : add cryp
2025-09-15 21:40:11,489 [INFO] IPUIPlugin:80 - create IPUIPlugin
2025-09-15 21:40:11,489 [INFO] PluginManager:220 - loadIPPluginJar : add ddr_ctrl_phy
2025-09-15 21:40:11,491 [INFO] IPUIPlugin:80 - create IPUIPlugin
2025-09-15 21:40:11,492 [INFO] PluginManager:220 - loadIPPluginJar : add dfsdm
2025-09-15 21:40:11,498 [INFO] IPUIPlugin:80 - create IPUIPlugin
2025-09-15 21:40:11,499 [INFO] PluginManager:220 - loadIPPluginJar : add dma
2025-09-15 21:40:11,502 [INFO] IPUIPlugin:80 - create IPUIPlugin
2025-09-15 21:40:11,502 [INFO] PluginManager:220 - loadIPPluginJar : add dma3
2025-09-15 21:40:11,505 [INFO] IPUIPlugin:80 - create IPUIPlugin
2025-09-15 21:40:11,505 [INFO] PluginManager:220 - loadIPPluginJar : add extmemmanager
2025-09-15 21:40:11,508 [INFO] IPUIPlugin:80 - create IPUIPlugin
2025-09-15 21:40:11,508 [INFO] PluginManager:220 - loadIPPluginJar : add fatfs
2025-09-15 21:40:11,513 [INFO] IPUIPlugin:80 - create IPUIPlugin
2025-09-15 21:40:11,513 [INFO] PluginManager:220 - loadIPPluginJar : add fmc
2025-09-15 21:40:11,519 [INFO] IPUIPlugin:80 - create IPUIPlugin
2025-09-15 21:40:11,519 [INFO] PluginManager:220 - loadIPPluginJar : add freertos
2025-09-15 21:40:11,521 [INFO] IPUIPlugin:80 - create IPUIPlugin
2025-09-15 21:40:11,521 [INFO] PluginManager:220 - loadIPPluginJar : add genericplugin
2025-09-15 21:40:11,524 [INFO] IPUIPlugin:80 - create IPUIPlugin
2025-09-15 21:40:11,524 [INFO] PluginManager:220 - loadIPPluginJar : add gfxmmu
2025-09-15 21:40:11,529 [INFO] IPUIPlugin:80 - create IPUIPlugin
2025-09-15 21:40:11,529 [INFO] PluginManager:220 - loadIPPluginJar : add gic
2025-09-15 21:40:11,534 [INFO] IPUIPlugin:80 - create IPUIPlugin
2025-09-15 21:40:11,534 [INFO] PluginManager:220 - loadIPPluginJar : add gpio
2025-09-15 21:40:11,537 [INFO] IPUIPlugin:80 - create IPUIPlugin
2025-09-15 21:40:11,537 [INFO] PluginManager:220 - loadIPPluginJar : add gtzc
2025-09-15 21:40:11,540 [INFO] IPUIPlugin:80 - create IPUIPlugin
2025-09-15 21:40:11,540 [INFO] PluginManager:220 - loadIPPluginJar : add hash
2025-09-15 21:40:11,544 [INFO] IPUIPlugin:80 - create IPUIPlugin
2025-09-15 21:40:11,544 [INFO] PluginManager:220 - loadIPPluginJar : add i2c
2025-09-15 21:40:11,547 [INFO] IPUIPlugin:80 - create IPUIPlugin
2025-09-15 21:40:11,548 [INFO] PluginManager:220 - loadIPPluginJar : add i2s
2025-09-15 21:40:11,552 [INFO] IPUIPlugin:80 - create IPUIPlugin
2025-09-15 21:40:11,553 [INFO] PluginManager:220 - loadIPPluginJar : add i3c
2025-09-15 21:40:11,557 [INFO] IPUIPlugin:80 - create IPUIPlugin
2025-09-15 21:40:11,558 [INFO] PluginManager:220 - loadIPPluginJar : add ipddr
2025-09-15 21:40:11,566 [INFO] IPUIPlugin:80 - create IPUIPlugin
2025-09-15 21:40:11,567 [INFO] PluginManager:220 - loadIPPluginJar : add linkedlist
2025-09-15 21:40:11,573 [INFO] IPUIPlugin:80 - create IPUIPlugin
2025-09-15 21:40:11,573 [INFO] PluginManager:220 - loadIPPluginJar : add lorawan
2025-09-15 21:40:11,577 [INFO] IPUIPlugin:80 - create IPUIPlugin
2025-09-15 21:40:11,577 [INFO] PluginManager:220 - loadIPPluginJar : add ltdc
2025-09-15 21:40:11,585 [INFO] IPUIPlugin:80 - create IPUIPlugin
2025-09-15 21:40:11,585 [INFO] PluginManager:220 - loadIPPluginJar : add mdma
2025-09-15 21:40:11,592 [INFO] IPUIPlugin:80 - create IPUIPlugin
2025-09-15 21:40:11,593 [INFO] PluginManager:220 - loadIPPluginJar : add nvic
2025-09-15 21:40:11,598 [INFO] IPUIPlugin:80 - create IPUIPlugin
2025-09-15 21:40:11,598 [INFO] PluginManager:220 - loadIPPluginJar : add opamp
2025-09-15 21:40:11,604 [INFO] IPUIPlugin:80 - create IPUIPlugin
2025-09-15 21:40:11,604 [INFO] PluginManager:220 - loadIPPluginJar : add openamp
2025-09-15 21:40:11,608 [INFO] IPUIPlugin:80 - create IPUIPlugin
2025-09-15 21:40:11,608 [INFO] PluginManager:220 - loadIPPluginJar : add pdm2pcm
2025-09-15 21:40:11,616 [INFO] IPUIPlugin:80 - create IPUIPlugin
2025-09-15 21:40:11,620 [INFO] PluginManager:220 - loadIPPluginJar : add plateformsettings
2025-09-15 21:40:11,623 [INFO] IPUIPlugin:80 - create IPUIPlugin
2025-09-15 21:40:11,623 [INFO] PluginManager:220 - loadIPPluginJar : add quadspi
2025-09-15 21:40:11,625 [INFO] IPUIPlugin:80 - create IPUIPlugin
2025-09-15 21:40:11,627 [INFO] PluginManager:220 - loadIPPluginJar : add radio
2025-09-15 21:40:11,632 [INFO] IPUIPlugin:80 - create IPUIPlugin
2025-09-15 21:40:11,633 [INFO] PluginManager:220 - loadIPPluginJar : add resmgrutility
2025-09-15 21:40:11,637 [INFO] IPUIPlugin:80 - create IPUIPlugin
2025-09-15 21:40:11,638 [INFO] PluginManager:220 - loadIPPluginJar : add sai
2025-09-15 21:40:11,641 [INFO] IPUIPlugin:80 - create IPUIPlugin
2025-09-15 21:40:11,641 [INFO] PluginManager:220 - loadIPPluginJar : add spi
2025-09-15 21:40:11,648 [INFO] IPUIPlugin:80 - create IPUIPlugin
2025-09-15 21:40:11,648 [INFO] PluginManager:220 - loadIPPluginJar : add stm32_wpan
2025-09-15 21:40:11,650 [INFO] IPUIPlugin:80 - create IPUIPlugin
2025-09-15 21:40:11,650 [INFO] PluginManager:220 - loadIPPluginJar : add tim
2025-09-15 21:40:11,654 [INFO] IPUIPlugin:80 - create IPUIPlugin
2025-09-15 21:40:11,654 [INFO] PluginManager:220 - loadIPPluginJar : add touchsensing
2025-09-15 21:40:11,657 [INFO] IPUIPlugin:80 - create IPUIPlugin
2025-09-15 21:40:11,657 [INFO] PluginManager:220 - loadIPPluginJar : add tracer_emb
2025-09-15 21:40:11,661 [INFO] IPUIPlugin:80 - create IPUIPlugin
2025-09-15 21:40:11,661 [INFO] PluginManager:220 - loadIPPluginJar : add ts
2025-09-15 21:40:11,663 [INFO] IPUIPlugin:80 - create IPUIPlugin
2025-09-15 21:40:11,663 [INFO] PluginManager:220 - loadIPPluginJar : add tsc
2025-09-15 21:40:11,666 [INFO] IPUIPlugin:80 - create IPUIPlugin
2025-09-15 21:40:11,666 [INFO] PluginManager:220 - loadIPPluginJar : add ucpd
2025-09-15 21:40:11,670 [INFO] IPUIPlugin:80 - create IPUIPlugin
2025-09-15 21:40:11,670 [INFO] PluginManager:220 - loadIPPluginJar : add usart
2025-09-15 21:40:11,673 [INFO] IPUIPlugin:80 - create IPUIPlugin
2025-09-15 21:40:11,673 [INFO] PluginManager:220 - loadIPPluginJar : add usbx
2025-09-15 21:40:11,834 [FATAL] Updater:351 - Updater called before beeing initialized
2025-09-15 21:40:11,886 [INFO] RulesReader:64 - Compatibility file has been processed (302 Rules)
2025-09-15 21:40:11,905 [INFO] RulesReader:64 - Compatibility file has been processed (302 Rules)
2025-09-15 21:40:11,923 [INFO] CADModel:165 - CPN selected for project level
2025-09-15 21:40:11,923 [INFO] CADModel:114 - Register for checkConnection events
2025-09-15 21:40:11,923 [FATAL] Updater:351 - Updater called before beeing initialized
2025-09-15 21:40:11,923 [ERROR] CADModel:125 - Updater not yet initialized, retry later 
2025-09-15 21:40:12,191 [FATAL] Updater:351 - Updater called before beeing initialized
2025-09-15 21:40:12,196 [INFO] CADModel:165 - CPN selected for project level
2025-09-15 21:40:12,197 [INFO] CADModel:114 - Register for checkConnection events
2025-09-15 21:40:12,197 [FATAL] Updater:351 - Updater called before beeing initialized
2025-09-15 21:40:12,197 [ERROR] CADModel:125 - Updater not yet initialized, retry later 
2025-09-15 21:40:12,204 [FATAL] Updater:351 - Updater called before beeing initialized
2025-09-15 21:40:12,495 [FATAL] Updater:351 - Updater called before beeing initialized
2025-09-15 21:40:12,503 [INFO] DbMcusAds:53 - JSON generation date=Tue Jul 08 13:44:23 IST 2025 (1751962463582)
2025-09-15 21:40:12,504 [FATAL] Updater:351 - Updater called before beeing initialized
2025-09-15 21:40:12,566 [WARN] DetailPanel:346 - Failed to get advertising image, set to default
2025-09-15 21:40:13,040 [FATAL] Updater:351 - Updater called before beeing initialized
2025-09-15 21:40:13,042 [FATAL] Updater:351 - Updater called before beeing initialized
2025-09-15 21:40:13,042 [FATAL] Updater:351 - Updater called before beeing initialized
2025-09-15 21:40:13,042 [WARN] DetailPanel:346 - Failed to get advertising image, set to default
2025-09-15 21:40:13,044 [FATAL] Updater:351 - Updater called before beeing initialized
2025-09-15 21:40:13,143 [ERROR] Updater:1198 - MainUpdater not yet initialized. External WinMGr cannot be set.
2025-09-15 21:40:13,146 [INFO] Updater:1134 - Updater Version found : 6.14.1
2025-09-15 21:40:13,173 [INFO] ApplicationProperties:184 - Using Application install path: D:\STM32CubeIDE_1.18.1\STM32CubeIDE\plugins\com.st.stm32cube.common.mx_6.14.1.202504091515
2025-09-15 21:40:13,490 [INFO] ThirdPartyUpdaterWithRetryManager:70 - Updater plugin not ready yet. [2/15]
2025-09-15 21:40:14,514 [INFO] MainUpdater:2872 - connection check result : 10
2025-09-15 21:40:14,515 [INFO] MainUpdater:289 - Updater Check For Update Now.
2025-09-15 21:40:14,515 [INFO] MicroXplorer:498 - Change Database Version : DB.6.0.141
2025-09-15 21:40:14,534 [INFO] McuFinderGlobals:63 - Set McuFinder mode to 2 (CubeIDE integrated)
2025-09-15 21:40:14,535 [INFO] UserAuth:484 - Internet connection configuration mode: 1
2025-09-15 21:40:14,556 [INFO] JxBrowserEngine:152 - Initiate JxBrowser Engine with user profile folder
2025-09-15 21:40:14,717 [INFO] CheckServerUpdateThread:120 - End of CheckServer Thread
2025-09-15 21:40:18,986 [INFO] WebApp:169 - Instantiating new browser for Auth
